# JRE version: OpenJDK Runtime Environment Temurin-21.0.9+10 (21.0.9+10) (build 21.0.9+10-LTS)
# Java VM: OpenJDK 64-Bit Server VM Temurin-21.0.9+10 (21.0.9+10-LTS, mixed mode, sharing, tiered, compressed oops, compressed class ptrs, parallel gc, windows-amd64)
GC Precious Log:
 CardTable entry size: 512
 CPUs: 8 total, 8 available
 Memory: 3895M
 Large Page Support: Disabled
 NUMA Support: Disabled
 Compressed Oops: Enabled (32-bit)
 Alignments: Space 512K, Generation 512K, Heap 2M
 Heap Min Capacity: 100M
 Heap Initial Capacity: 100M
 Heap Max Capacity: 2G
 Pre-touch: Disabled
 Parallel Workers: 8
Heap:
 PSYoungGen      total 13312K, used 2033K [0x00000000d5580000, 0x00000000d6880000, 0x0000000100000000)
  eden space 12800K, 12% used [0x00000000d5580000,0x00000000d571c420,0x00000000d6200000)
  from space 512K, 75% used [0x00000000d6800000,0x00000000d6860020,0x00000000d6880000)
  to   space 1024K, 0% used [0x00000000d6680000,0x00000000d6680000,0x00000000d6780000)
 ParOldGen       total 108544K, used 102693K [0x0000000080000000, 0x0000000086a00000, 0x00000000d5580000)
  object space 108544K, 94% used [0x0000000080000000,0x0000000086449418,0x0000000086a00000)
 Metaspace       used 64251K, committed 65728K, reserved 1114112K
  class space    used 6840K, committed 7488K, reserved 1048576K
GC Heap History (20 events):
Event: 38.799 GC heap before
{Heap before GC invocations=100 (full 3):
 PSYoungGen      total 13312K, used 12799K [0x00000000d5580000, 0x00000000d6500000, 0x0000000100000000)
  eden space 12800K, 99% used [0x00000000d5580000,0x00000000d61fffd0,0x00000000d6200000)
  from space 512K, 0% used [0x00000000d6380000,0x00000000d6380000,0x00000000d6400000)
  to   space 1536K, 0% used [0x00000000d6200000,0x00000000d6200000,0x00000000d6380000)
 ParOldGen       total 84992K, used 63098K [0x0000000080000000, 0x0000000085300000, 0x00000000d5580000)
  object space 84992K, 74% used [0x0000000080000000,0x0000000083d9e868,0x0000000085300000)
 Metaspace       used 59373K, committed 60800K, reserved 1114112K
  class space    used 6360K, committed 6976K, reserved 1048576K
}
Event: 38.803 GC heap after
{Heap after GC invocations=100 (full 3):
 PSYoungGen      total 14336K, used 1505K [0x00000000d5580000, 0x00000000d6600000, 0x0000000100000000)
  eden space 12800K, 0% used [0x00000000d5580000,0x00000000d5580000,0x00000000d6200000)
  from space 1536K, 98% used [0x00000000d6200000,0x00000000d6378690,0x00000000d6380000)
  to   space 2048K, 0% used [0x00000000d6400000,0x00000000d6400000,0x00000000d6600000)
 ParOldGen       total 84992K, used 63098K [0x0000000080000000, 0x0000000085300000, 0x00000000d5580000)
  object space 84992K, 74% used [0x0000000080000000,0x0000000083d9e868,0x0000000085300000)
 Metaspace       used 59373K, committed 60800K, reserved 1114112K
  class space    used 6360K, committed 6976K, reserved 1048576K
}
Event: 38.885 GC heap before
{Heap before GC invocations=101 (full 3):
 PSYoungGen      total 14336K, used 14305K [0x00000000d5580000, 0x00000000d6600000, 0x0000000100000000)
  eden space 12800K, 100% used [0x00000000d5580000,0x00000000d6200000,0x00000000d6200000)
  from space 1536K, 98% used [0x00000000d6200000,0x00000000d6378690,0x00000000d6380000)
  to   space 2048K, 0% used [0x00000000d6400000,0x00000000d6400000,0x00000000d6600000)
 ParOldGen       total 84992K, used 63098K [0x0000000080000000, 0x0000000085300000, 0x00000000d5580000)
  object space 84992K, 74% used [0x0000000080000000,0x0000000083d9e868,0x0000000085300000)
 Metaspace       used 59427K, committed 60864K, reserved 1114112K
  class space    used 6366K, committed 6976K, reserved 1048576K
}
Event: 38.888 GC heap after
{Heap after GC invocations=101 (full 3):
 PSYoungGen      total 13824K, used 937K [0x00000000d5580000, 0x00000000d6500000, 0x0000000100000000)
  eden space 12800K, 0% used [0x00000000d5580000,0x00000000d5580000,0x00000000d6200000)
  from space 1024K, 91% used [0x00000000d6400000,0x00000000d64ea778,0x00000000d6500000)
  to   space 1536K, 0% used [0x00000000d6200000,0x00000000d6200000,0x00000000d6380000)
 ParOldGen       total 84992K, used 63942K [0x0000000080000000, 0x0000000085300000, 0x00000000d5580000)
  object space 84992K, 75% used [0x0000000080000000,0x0000000083e71ad0,0x0000000085300000)
 Metaspace       used 59427K, committed 60864K, reserved 1114112K
  class space    used 6366K, committed 6976K, reserved 1048576K
}
Event: 38.935 GC heap before
{Heap before GC invocations=102 (full 3):
 PSYoungGen      total 13824K, used 13652K [0x00000000d5580000, 0x00000000d6500000, 0x0000000100000000)
  eden space 12800K, 99% used [0x00000000d5580000,0x00000000d61ea940,0x00000000d6200000)
  from space 1024K, 91% used [0x00000000d6400000,0x00000000d64ea778,0x00000000d6500000)
  to   space 1536K, 0% used [0x00000000d6200000,0x00000000d6200000,0x00000000d6380000)
 ParOldGen       total 84992K, used 63942K [0x0000000080000000, 0x0000000085300000, 0x00000000d5580000)
  object space 84992K, 75% used [0x0000000080000000,0x0000000083e71ad0,0x0000000085300000)
 Metaspace       used 59431K, committed 60864K, reserved 1114112K
  class space    used 6366K, committed 6976K, reserved 1048576K
}
Event: 38.936 GC heap after
{Heap after GC invocations=102 (full 3):
 PSYoungGen      total 14336K, used 1210K [0x00000000d5580000, 0x00000000d6500000, 0x0000000100000000)
  eden space 12800K, 0% used [0x00000000d5580000,0x00000000d5580000,0x00000000d6200000)
  from space 1536K, 78% used [0x00000000d6200000,0x00000000d632e858,0x00000000d6380000)
  to   space 1536K, 0% used [0x00000000d6380000,0x00000000d6380000,0x00000000d6500000)
 ParOldGen       total 84992K, used 64006K [0x0000000080000000, 0x0000000085300000, 0x00000000d5580000)
  object space 84992K, 75% used [0x0000000080000000,0x0000000083e81ad0,0x0000000085300000)
 Metaspace       used 59431K, committed 60864K, reserved 1114112K
  class space    used 6366K, committed 6976K, reserved 1048576K
}
Event: 39.595 GC heap before
{Heap before GC invocations=103 (full 3):
 PSYoungGen      total 14336K, used 14010K [0x00000000d5580000, 0x00000000d6500000, 0x0000000100000000)
  eden space 12800K, 100% used [0x00000000d5580000,0x00000000d6200000,0x00000000d6200000)
  from space 1536K, 78% used [0x00000000d6200000,0x00000000d632e858,0x00000000d6380000)
  to   space 1536K, 0% used [0x00000000d6380000,0x00000000d6380000,0x00000000d6500000)
 ParOldGen       total 84992K, used 64006K [0x0000000080000000, 0x0000000085300000, 0x00000000d5580000)
  object space 84992K, 75% used [0x0000000080000000,0x0000000083e81ad0,0x0000000085300000)
 Metaspace       used 60820K, committed 62208K, reserved 1114112K
  class space    used 6498K, committed 7104K, reserved 1048576K
}
Event: 39.597 GC heap after
{Heap after GC invocations=103 (full 3):
 PSYoungGen      total 13824K, used 615K [0x00000000d5580000, 0x00000000d6480000, 0x0000000100000000)
  eden space 12800K, 0% used [0x00000000d5580000,0x00000000d5580000,0x00000000d6200000)
  from space 1024K, 60% used [0x00000000d6380000,0x00000000d6419f10,0x00000000d6480000)
  to   space 1024K, 0% used [0x00000000d6280000,0x00000000d6280000,0x00000000d6380000)
 ParOldGen       total 84992K, used 64006K [0x0000000080000000, 0x0000000085300000, 0x00000000d5580000)
  object space 84992K, 75% used [0x0000000080000000,0x0000000083e81ad0,0x0000000085300000)
 Metaspace       used 60820K, committed 62208K, reserved 1114112K
  class space    used 6498K, committed 7104K, reserved 1048576K
}
Event: 71.647 GC heap before
{Heap before GC invocations=104 (full 3):
 PSYoungGen      total 13824K, used 13302K [0x00000000d5580000, 0x00000000d6480000, 0x0000000100000000)
  eden space 12800K, 99% used [0x00000000d5580000,0x00000000d61e3b70,0x00000000d6200000)
  from space 1024K, 60% used [0x00000000d6380000,0x00000000d6419f10,0x00000000d6480000)
  to   space 1024K, 0% used [0x00000000d6280000,0x00000000d6280000,0x00000000d6380000)
 ParOldGen       total 84992K, used 64006K [0x0000000080000000, 0x0000000085300000, 0x00000000d5580000)
  object space 84992K, 75% used [0x0000000080000000,0x0000000083e81ad0,0x0000000085300000)
 Metaspace       used 61035K, committed 62464K, reserved 1114112K
  class space    used 6517K, committed 7168K, reserved 1048576K
}
Event: 71.756 GC heap after
{Heap after GC invocations=104 (full 3):
 PSYoungGen      total 13824K, used 1020K [0x00000000d5580000, 0x00000000d7100000, 0x0000000100000000)
  eden space 12800K, 0% used [0x00000000d5580000,0x00000000d5580000,0x00000000d6200000)
  from space 1024K, 99% used [0x00000000d6280000,0x00000000d637f040,0x00000000d6380000)
  to   space 7680K, 0% used [0x00000000d6980000,0x00000000d6980000,0x00000000d7100000)
 ParOldGen       total 84992K, used 69447K [0x0000000080000000, 0x0000000085300000, 0x00000000d5580000)
  object space 84992K, 81% used [0x0000000080000000,0x00000000843d1c10,0x0000000085300000)
 Metaspace       used 61035K, committed 62464K, reserved 1114112K
  class space    used 6517K, committed 7168K, reserved 1048576K
}
Event: 35349.897 GC heap before
{Heap before GC invocations=105 (full 3):
 PSYoungGen      total 13824K, used 13820K [0x00000000d5580000, 0x00000000d7100000, 0x0000000100000000)
  eden space 12800K, 100% used [0x00000000d5580000,0x00000000d6200000,0x00000000d6200000)
  from space 1024K, 99% used [0x00000000d6280000,0x00000000d637f040,0x00000000d6380000)
  to   space 7680K, 0% used [0x00000000d6980000,0x00000000d6980000,0x00000000d7100000)
 ParOldGen       total 84992K, used 69447K [0x0000000080000000, 0x0000000085300000, 0x00000000d5580000)
  object space 84992K, 81% used [0x0000000080000000,0x00000000843d1c10,0x0000000085300000)
 Metaspace       used 61557K, committed 62976K, reserved 1114112K
  class space    used 6559K, committed 7168K, reserved 1048576K
}
Event: 35349.970 GC heap after
{Heap after GC invocations=105 (full 3):
 PSYoungGen      total 13312K, used 352K [0x00000000d5580000, 0x00000000d6a00000, 0x0000000100000000)
  eden space 12800K, 0% used [0x00000000d5580000,0x00000000d5580000,0x00000000d6200000)
  from space 512K, 68% used [0x00000000d6980000,0x00000000d69d8000,0x00000000d6a00000)
  to   space 2560K, 0% used [0x00000000d6500000,0x00000000d6500000,0x00000000d6780000)
 ParOldGen       total 84992K, used 69607K [0x0000000080000000, 0x0000000085300000, 0x00000000d5580000)
  object space 84992K, 81% used [0x0000000080000000,0x00000000843f9c10,0x0000000085300000)
 Metaspace       used 61557K, committed 62976K, reserved 1114112K
  class space    used 6559K, committed 7168K, reserved 1048576K
}
Event: 35353.490 GC heap before
{Heap before GC invocations=106 (full 3):
 PSYoungGen      total 13312K, used 13152K [0x00000000d5580000, 0x00000000d6a00000, 0x0000000100000000)
  eden space 12800K, 100% used [0x00000000d5580000,0x00000000d6200000,0x00000000d6200000)
  from space 512K, 68% used [0x00000000d6980000,0x00000000d69d8000,0x00000000d6a00000)
  to   space 2560K, 0% used [0x00000000d6500000,0x00000000d6500000,0x00000000d6780000)
 ParOldGen       total 84992K, used 69607K [0x0000000080000000, 0x0000000085300000, 0x00000000d5580000)
  object space 84992K, 81% used [0x0000000080000000,0x00000000843f9c10,0x0000000085300000)
 Metaspace       used 62660K, committed 64192K, reserved 1114112K
  class space    used 6681K, committed 7360K, reserved 1048576K
}
Event: 35353.500 GC heap after
{Heap after GC invocations=106 (full 3):
 PSYoungGen      total 15360K, used 1113K [0x00000000d5580000, 0x00000000d6a00000, 0x0000000100000000)
  eden space 12800K, 0% used [0x00000000d5580000,0x00000000d5580000,0x00000000d6200000)
  from space 2560K, 43% used [0x00000000d6500000,0x00000000d6616490,0x00000000d6780000)
  to   space 1536K, 0% used [0x00000000d6880000,0x00000000d6880000,0x00000000d6a00000)
 ParOldGen       total 84992K, used 69831K [0x0000000080000000, 0x0000000085300000, 0x00000000d5580000)
  object space 84992K, 82% used [0x0000000080000000,0x0000000084431dc0,0x0000000085300000)
 Metaspace       used 62660K, committed 64192K, reserved 1114112K
  class space    used 6681K, committed 7360K, reserved 1048576K
}
Event: 35354.927 GC heap before
{Heap before GC invocations=107 (full 3):
 PSYoungGen      total 15360K, used 13913K [0x00000000d5580000, 0x00000000d6a00000, 0x0000000100000000)
  eden space 12800K, 100% used [0x00000000d5580000,0x00000000d6200000,0x00000000d6200000)
  from space 2560K, 43% used [0x00000000d6500000,0x00000000d6616490,0x00000000d6780000)
  to   space 1536K, 0% used [0x00000000d6880000,0x00000000d6880000,0x00000000d6a00000)
 ParOldGen       total 84992K, used 69831K [0x0000000080000000, 0x0000000085300000, 0x00000000d5580000)
  object space 84992K, 82% used [0x0000000080000000,0x0000000084431dc0,0x0000000085300000)
 Metaspace       used 62950K, committed 64448K, reserved 1114112K
  class space    used 6719K, committed 7360K, reserved 1048576K
}
Event: 35354.934 GC heap after
{Heap after GC invocations=107 (full 3):
 PSYoungGen      total 14336K, used 1520K [0x00000000d5580000, 0x00000000d6a00000, 0x0000000100000000)
  eden space 12800K, 0% used [0x00000000d5580000,0x00000000d5580000,0x00000000d6200000)
  from space 1536K, 98% used [0x00000000d6880000,0x00000000d69fc010,0x00000000d6a00000)
  to   space 2048K, 0% used [0x00000000d6600000,0x00000000d6600000,0x00000000d6800000)
 ParOldGen       total 84992K, used 70664K [0x0000000080000000, 0x0000000085300000, 0x00000000d5580000)
  object space 84992K, 83% used [0x0000000080000000,0x0000000084502260,0x0000000085300000)
 Metaspace       used 62950K, committed 64448K, reserved 1114112K
  class space    used 6719K, committed 7360K, reserved 1048576K
}
Event: 35650.491 GC heap before
{Heap before GC invocations=108 (full 3):
 PSYoungGen      total 14336K, used 14311K [0x00000000d5580000, 0x00000000d6a00000, 0x0000000100000000)
  eden space 12800K, 99% used [0x00000000d5580000,0x00000000d61fdee8,0x00000000d6200000)
  from space 1536K, 98% used [0x00000000d6880000,0x00000000d69fc010,0x00000000d6a00000)
  to   space 2048K, 0% used [0x00000000d6600000,0x00000000d6600000,0x00000000d6800000)
 ParOldGen       total 108544K, used 101384K [0x0000000080000000, 0x0000000086a00000, 0x00000000d5580000)
  object space 108544K, 93% used [0x0000000080000000,0x0000000086302290,0x0000000086a00000)
 Metaspace       used 63811K, committed 65344K, reserved 1114112K
  class space    used 6813K, committed 7488K, reserved 1048576K
}
Event: 35650.554 GC heap after
{Heap after GC invocations=108 (full 3):
 PSYoungGen      total 14848K, used 677K [0x00000000d5580000, 0x00000000d6900000, 0x0000000100000000)
  eden space 12800K, 0% used [0x00000000d5580000,0x00000000d5580000,0x00000000d6200000)
  from space 2048K, 33% used [0x00000000d6600000,0x00000000d66a9420,0x00000000d6800000)
  to   space 1024K, 0% used [0x00000000d6800000,0x00000000d6800000,0x00000000d6900000)
 ParOldGen       total 108544K, used 102184K [0x0000000080000000, 0x0000000086a00000, 0x00000000d5580000)
  object space 108544K, 94% used [0x0000000080000000,0x00000000863ca290,0x0000000086a00000)
 Metaspace       used 63811K, committed 65344K, reserved 1114112K
  class space    used 6813K, committed 7488K, reserved 1048576K
}
Event: 37526.616 GC heap before
{Heap before GC invocations=109 (full 3):
 PSYoungGen      total 14848K, used 13477K [0x00000000d5580000, 0x00000000d6900000, 0x0000000100000000)
  eden space 12800K, 100% used [0x00000000d5580000,0x00000000d6200000,0x00000000d6200000)
  from space 2048K, 33% used [0x00000000d6600000,0x00000000d66a9420,0x00000000d6800000)
  to   space 1024K, 0% used [0x00000000d6800000,0x00000000d6800000,0x00000000d6900000)
 ParOldGen       total 108544K, used 102184K [0x0000000080000000, 0x0000000086a00000, 0x00000000d5580000)
  object space 108544K, 94% used [0x0000000080000000,0x00000000863ca290,0x0000000086a00000)
 Metaspace       used 64239K, committed 65728K, reserved 1114112K
  class space    used 6840K, committed 7488K, reserved 1048576K
}
Event: 37526.767 GC heap after
{Heap after GC invocations=109 (full 3):
 PSYoungGen      total 13312K, used 384K [0x00000000d5580000, 0x00000000d6880000, 0x0000000100000000)
  eden space 12800K, 0% used [0x00000000d5580000,0x00000000d5580000,0x00000000d6200000)
  from space 512K, 75% used [0x00000000d6800000,0x00000000d6860020,0x00000000d6880000)
  to   space 1024K, 0% used [0x00000000d6680000,0x00000000d6680000,0x00000000d6780000)
 ParOldGen       total 108544K, used 102693K [0x0000000080000000, 0x0000000086a00000, 0x00000000d5580000)
  object space 108544K, 94% used [0x0000000080000000,0x0000000086449418,0x0000000086a00000)
 Metaspace       used 64239K, committed 65728K, reserved 1114112K
  class space    used 6840K, committed 7488K, reserved 1048576K
}

